<?xml version="1.0" encoding="UTF-8"?>
<testng-results skipped="0" failed="0" ignored="2" total="3" passed="1">
  <reporter-output>
  </reporter-output>
  <suite name="Default suite" duration-ms="13920" started-at="2020-07-20T01:25:26 IST" finished-at="2020-07-20T01:25:39 IST">
    <groups>
    </groups>
    <test name="Default test" duration-ms="13920" started-at="2020-07-20T01:25:26 IST" finished-at="2020-07-20T01:25:39 IST">
      <class name="com.crm.qa.testcases.LoginPageTest">
        <test-method status="PASS" signature="setUp()[pri:0, instance:com.crm.qa.testcases.LoginPageTest@1c3a4799]" name="setUp" is-config="true" duration-ms="12885" started-at="2020-07-20T01:25:26 IST" finished-at="2020-07-20T01:25:38 IST">
          <reporter-output>
          </reporter-output>
        </test-method> <!-- setUp -->
        <test-method status="PASS" signature="loginPageTitleTest()[pri:1, instance:com.crm.qa.testcases.LoginPageTest@1c3a4799]" name="loginPageTitleTest" duration-ms="34" started-at="2020-07-20T01:25:38 IST" finished-at="2020-07-20T01:25:39 IST">
          <reporter-output>
          </reporter-output>
        </test-method> <!-- loginPageTitleTest -->
        <test-method status="PASS" signature="tearDown()[pri:0, instance:com.crm.qa.testcases.LoginPageTest@1c3a4799]" name="tearDown" is-config="true" duration-ms="895" started-at="2020-07-20T01:25:39 IST" finished-at="2020-07-20T01:25:39 IST">
          <reporter-output>
          </reporter-output>
        </test-method> <!-- tearDown -->
      </class> <!-- com.crm.qa.testcases.LoginPageTest -->
    </test> <!-- Default test -->
  </suite> <!-- Default suite -->
</testng-results>
