<?xml version="1.0" encoding="UTF-8"?>
<!-- Generated by org.testng.reporters.JUnitXMLReporter -->
<testsuite hostname="DESKTOP-QUCQS4E" ignored="3" name="Default test" tests="7" failures="0" timestamp="2020-08-09T21:52:17 IST" time="181.905" errors="0">
  <testcase name="ValidatecreateNewContact" time="5.588" classname="com.crm.qa.testcases.ContactsPageTest"/>
  <testcase name="ValidatecreateNewContact" time="4.597" classname="com.crm.qa.testcases.ContactsPageTest"/>
  <testcase name="ValidatecreateNewContact" time="4.935" classname="com.crm.qa.testcases.ContactsPageTest"/>
  <testcase name="ValidatecreateNewContact" time="5.317" classname="com.crm.qa.testcases.ContactsPageTest"/>
  <testcase name="ValidatecreateNewContact" time="4.406" classname="com.crm.qa.testcases.ContactsPageTest"/>
  <testcase name="ValidatecreateNewContact" time="5.461" classname="com.crm.qa.testcases.ContactsPageTest"/>
  <testcase name="ValidatecreateNewContact" time="4.52" classname="com.crm.qa.testcases.ContactsPageTest"/>
  <testcase name="selectMultipleContactsTest" time="0.0" classname="com.crm.qa.testcases.ContactsPageTest">
    <ignored/>
  </testcase> <!-- selectMultipleContactsTest -->
  <testcase name="verifyContactsPageLabel" time="0.0" classname="com.crm.qa.testcases.ContactsPageTest">
    <ignored/>
  </testcase> <!-- verifyContactsPageLabel -->
  <testcase name="selectContactsTest" time="0.0" classname="com.crm.qa.testcases.ContactsPageTest">
    <ignored/>
  </testcase> <!-- selectContactsTest -->
</testsuite> <!-- Default test -->
